2016-12-18 15:07:12,225 WARN [{}] Слово 'сообрuажения в файле 'in0.txt' не является корректным
2016-12-18 15:09:10,167 WARN [{}] В файле 'in0.txt' найден дубликат слова 'и'
2016-12-18 15:09:10,168 WARN [{}] В файле 'in1.txt' найден дубликат слова 'и'
2016-12-18 15:09:16,675 WARN [{}] В файле 'in2.txt' найден дубликат слова 'дальнейшее'
2016-12-18 15:09:24,121 WARN [{}] В файле 'in1.txt' найден дубликат слова 'и'
2016-12-18 15:09:59,186 WARN [{}] В файле 'in1.txt' найден дубликат слова 'и'
2016-12-18 15:10:06,989 WARN [{}] В файле 'in1.txt' найден дубликат слова 'и'
2016-12-18 15:11:26,904 INFO [{}] This is @Before method
2016-12-18 15:11:26,904 INFO [{}] Test validateIncorrect method
2016-12-18 15:17:02,468 WARN [{}] Слово 'Идейuные в файле 'in0.txt' не является корректным
2016-12-18 15:17:02,468 WARN [{}] В файле 'in1.txt' найден дубликат слова 'и'
2016-12-18 15:17:02,484 WARN [{}] В файле 'in0.txt' найден дубликат слова 'в'
2016-12-18 15:17:12,536 WARN [{}] Слово 'Идейuные в файле 'in0.txt' не является корректным
2016-12-18 15:17:49,016 WARN [{}] Слово 'Идейuные в файле 'in0.txt' не является корректным
2016-12-18 15:17:49,016 WARN [{}] В файле 'in1.txt' найден дубликат слова 'и'
2016-12-18 15:17:49,032 WARN [{}] В файле 'in2.txt' найден дубликат слова 'деятельности'
2016-12-18 15:17:49,032 WARN [{}] В файле 'in0.txt' найден дубликат слова 'в'
2016-12-18 15:17:57,999 WARN [{}] В файле 'in1.txt' найден дубликат слова 'и'
2016-12-18 15:18:13,047 WARN [{}] Слово 'Идейuные в файле 'in0.txt' не является корректным
2016-12-18 15:18:13,047 WARN [{}] В файле 'in1.txt' найден дубликат слова 'и'
2016-12-18 15:20:37,724 WARN [{}] В файле 'in1.txt' найден дубликат слова 'и'
2016-12-18 15:20:37,739 WARN [{}] Слово 'А в файле 'in0.txt' не является корректным
2016-12-18 15:20:37,739 WARN [{}] Слово 'Не в файле 'in2.txt' не является корректным
2016-12-18 15:20:45,052 WARN [{}] Слово 'Идейuные в файле 'in0.txt' не является корректным
2016-12-18 15:21:05,754 WARN [{}] Слово 'Идейuные в файле 'in0.txt' не является корректным
2016-12-18 15:21:05,754 WARN [{}] В файле 'in2.txt' найден дубликат слова 'дальнейшее'
2016-12-18 15:21:05,770 WARN [{}] В файле 'in0.txt' найден дубликат слова 'деятельности'
2016-12-18 15:21:17,772 WARN [{}] Слово 'Идейuные в файле 'in0.txt' не является корректным
2016-12-18 15:22:24,527 WARN [{}] В файле 'in1.txt' найден дубликат слова 'и'
2016-12-18 15:22:24,527 WARN [{}] Слово 'Идейuные в файле 'in0.txt' не является корректным
2016-12-18 15:23:13,165 WARN [{}] Слово 'Идейuные в файле 'in0.txt' не является корректным
2016-12-18 15:23:32,437 INFO [{}] This is @Before method
2016-12-18 15:23:32,437 INFO [{}] Test validateIncorrect method
2016-12-18 15:27:34,510 WARN [{}] Файл 'in0.txt' не найден
2016-12-18 15:27:34,526 WARN [{}] В файле 'in1.txt' найден дубликат слова 'и'
2016-12-18 15:27:43,320 WARN [{}] В файле 'in2.txt' найден дубликат слова 'дальнейшее'
2016-12-18 15:27:43,336 WARN [{}] Файл 'in0.txt' не найден
2016-12-18 15:29:54,854 WARN [{}] Слово 'Идейuные в файле 'in0.txt' не является корректным
2016-12-18 15:29:54,870 WARN [{}] В файле 'in2.txt' найден дубликат слова 'дальнейшее'
2016-12-18 15:29:54,870 WARN [{}] В файле 'in0.txt' найден дубликат слова 'деятельности'
2016-12-18 15:30:00,832 WARN [{}] В файле 'in1.txt' найден дубликат слова 'и'
2016-12-18 15:30:06,145 WARN [{}] Слово 'Идейuные в файле 'in0.txt' не является корректным
2016-12-18 15:30:06,145 WARN [{}] В файле 'in2.txt' найден дубликат слова 'дальнейшее'
2016-12-18 15:30:06,145 WARN [{}] В файле 'in0.txt' найден дубликат слова 'деятельности'
2016-12-18 15:30:13,760 WARN [{}] В файле 'in1.txt' найден дубликат слова 'и'
2016-12-18 15:30:19,691 WARN [{}] В файле 'in1.txt' найден дубликат слова 'и'
2016-12-18 15:30:19,691 WARN [{}] Слово 'Идейuные в файле 'in0.txt' не является корректным
2016-12-18 15:30:27,523 WARN [{}] Слово 'Идейuные в файле 'in0.txt' не является корректным
